* Verifying dashboard health ...
* Launching proxy ...
* Verifying proxy health ...
* Opening http://127.0.0.1:50946/api/v1/namespaces/kubernetes-dashboard/services/http:kubernetes-dashboard:/proxy/ in your default browser...
* Verifying dashboard health ...
* Launching proxy ...
* Verifying proxy health ...
* Opening http://127.0.0.1:61484/api/v1/namespaces/kubernetes-dashboard/services/http:kubernetes-dashboard:/proxy/ in your default browser...
Forwarding from 0.0.0.0:5432 -> 5432
Handling connection for 5432
Handling cerror: lost connection to pod
nnection error: lost connection to pod
or 5432
error: lost connection to pod
ng connection for 600
Handling connection for 600
Handling connection for 600
Handling connection for 600
Handling connection for 600
Handling connection for 600
Handling connection for 600
Handling connection for 600
Handling connection for 600
Handling connection for 600
Handling connection for 600
Handling connection for 600
Handling connection for 600
Handling connection for 600
Handling connection for 600
Handling connection for 600
Handling connection for 600
Handling connection for 600
Handling connection for 600
Handling connection for 600
Handling connection for 600
Handling connection for 600
Handling connection for 600
Handling connection for 600
Handling connection for 600
Handling connection for 600
Handling connection for 600
Handling connection for 600
Handling connection for 600
Handling connection for 600
Handling connection for 600
Handling connection for 600
Handling connection for 600
Handling connection for 600
Handling connection for 600
Handling connection for 600
Handling connection for 600
Handling connection for 600
Handling connection for 600
Handling connection for 600
Handling connection for 600
Handling connection for 600
Handling connection for 600
Handling connection for 600
Handling connection for 600
Handling connection for 600
Handling connection for 600
Handling connection for 600
Handling connection for 600
Handling connection for 600
Handling connection for 600
Handling connection for 600
Handling connection for 600
Handling connection for 600
Handling connection for 600
Handling connection for 600
Handling connection for 600
Handling connection for 600
Handling connection for 600
Handling connection for 600
Handling connection for 600
Handling connection for 600
Handling connection for 600
Handling connection for 600
Handling connection for 600
Handling connection for 600
Handling connection for 600
Handling connection for 600
Handling connection for 600
Handling connection for 600
Handling connection for 600
Handling connection for 600
Handling connection for 600
Handling connection for 600
Handling connection for 600
Handling connection for 600
Handling connection for 600
Handling connection for 600
Handling connection for 600
Handling connection for 600
Handling connection for 600
Handling connection for 600
Handling connection for 600
Handling connection for 600
Handling connection for 600
Handling connection for 600
Handling connection for 600
Handling connection for 600
Handling connection for 600
Handling connection for 600
Handling connection for 600
Handling connection for 600
Handling connection for 600
error: lost connection to pod
